nohup: 忽略输入
2025-09-15 15:00:34.195 | INFO     | runner.run_manager:__init__:26 - RunManager init correctly, chosen schema_generator: DDL
2025-09-15 15:00:34.198 | INFO     | runner.run_manager:initialize_tasks:43 - initialize task completed, total task number is 1534
2025-09-15 15:00:34.198 | INFO     | runner.run_manager:worker:65 - begin task: california_schools 0
2025-09-15 15:02:11.936 | INFO     | runner.run_manager:worker:65 - begin task: california_schools 1
2025-09-15 15:04:36.285 | INFO     | runner.run_manager:worker:65 - begin task: california_schools 2
2025-09-15 15:06:50.739 | INFO     | runner.run_manager:worker:65 - begin task: california_schools 3
2025-09-15 15:07:14.557 | INFO     | runner.run_manager:worker:65 - begin task: california_schools 4
2025-09-15 15:09:09.161 | INFO     | runner.run_manager:worker:65 - begin task: california_schools 5
2025-09-15 15:09:50.021 | INFO     | runner.run_manager:worker:65 - begin task: california_schools 6
2025-09-15 15:11:17.547 | INFO     | runner.run_manager:worker:65 - begin task: california_schools 7
2025-09-15 15:12:32.673 | INFO     | runner.run_manager:worker:65 - begin task: california_schools 8
2025-09-15 15:13:58.643 | INFO     | runner.run_manager:worker:65 - begin task: california_schools 9
2025-09-15 15:16:55.184 | INFO     | runner.run_manager:worker:65 - begin task: california_schools 10
2025-09-15 15:19:07.963 | INFO     | runner.run_manager:worker:65 - begin task: california_schools 11
2025-09-15 15:20:52.109 | INFO     | runner.run_manager:worker:65 - begin task: california_schools 12
2025-09-15 15:22:21.765 | INFO     | runner.run_manager:worker:65 - begin task: california_schools 13
2025-09-15 15:24:10.439 | INFO     | runner.run_manager:worker:65 - begin task: california_schools 14
2025-09-15 15:25:00.971 | INFO     | runner.run_manager:worker:65 - begin task: california_schools 15
2025-09-15 15:27:43.411 | INFO     | runner.run_manager:worker:65 - begin task: california_schools 16
2025-09-15 15:30:49.013 | INFO     | runner.run_manager:worker:65 - begin task: california_schools 17
2025-09-15 15:33:43.302 | INFO     | runner.run_manager:worker:65 - begin task: california_schools 18
2025-09-15 15:36:29.135 | INFO     | runner.run_manager:worker:65 - begin task: california_schools 19
2025-09-15 15:37:10.011 | INFO     | runner.run_manager:worker:65 - begin task: california_schools 20
2025-09-15 15:38:22.258 | INFO     | runner.run_manager:worker:65 - begin task: california_schools 21
2025-09-15 15:39:24.686 | INFO     | runner.run_manager:worker:65 - begin task: california_schools 22
2025-09-15 15:41:17.880 | INFO     | runner.run_manager:worker:65 - begin task: california_schools 23
2025-09-15 15:42:59.970 | INFO     | runner.run_manager:worker:65 - begin task: california_schools 24
2025-09-15 15:44:40.858 | INFO     | runner.run_manager:worker:65 - begin task: california_schools 25
2025-09-15 15:47:14.270 | INFO     | runner.run_manager:worker:65 - begin task: california_schools 26
2025-09-15 15:47:49.053 | INFO     | runner.run_manager:worker:65 - begin task: california_schools 27
2025-09-15 15:49:20.127 | INFO     | runner.run_manager:worker:65 - begin task: california_schools 28
2025-09-15 15:51:40.202 | INFO     | runner.run_manager:worker:65 - begin task: california_schools 29
2025-09-15 15:53:27.435 | INFO     | runner.run_manager:worker:65 - begin task: california_schools 30
2025-09-15 15:54:43.794 | INFO     | runner.run_manager:worker:65 - begin task: california_schools 31
2025-09-15 15:56:02.199 | INFO     | runner.run_manager:worker:65 - begin task: california_schools 32
2025-09-15 15:57:47.659 | INFO     | runner.run_manager:worker:65 - begin task: california_schools 33
2025-09-15 15:59:21.106 | INFO     | runner.run_manager:worker:65 - begin task: california_schools 34
2025-09-15 16:02:14.969 | INFO     | runner.run_manager:worker:65 - begin task: california_schools 35
2025-09-15 16:03:35.337 | INFO     | runner.run_manager:worker:65 - begin task: california_schools 36
2025-09-15 16:07:07.917 | INFO     | runner.run_manager:worker:65 - begin task: california_schools 37
2025-09-15 16:10:00.314 | INFO     | runner.run_manager:worker:65 - begin task: california_schools 38
2025-09-15 16:10:51.356 | INFO     | runner.run_manager:worker:65 - begin task: california_schools 39
2025-09-15 16:12:18.536 | INFO     | runner.run_manager:worker:65 - begin task: california_schools 40
2025-09-15 16:14:25.357 | INFO     | runner.run_manager:worker:65 - begin task: california_schools 41
2025-09-15 16:16:43.668 | INFO     | runner.run_manager:worker:65 - begin task: california_schools 42
2025-09-15 16:17:49.385 | INFO     | runner.run_manager:worker:65 - begin task: california_schools 43
2025-09-15 16:20:24.781 | INFO     | runner.run_manager:worker:65 - begin task: california_schools 44
2025-09-15 16:21:39.008 | INFO     | runner.run_manager:worker:65 - begin task: california_schools 45
2025-09-15 16:22:06.760 | INFO     | runner.run_manager:worker:65 - begin task: california_schools 46
2025-09-15 16:23:32.762 | INFO     | runner.run_manager:worker:65 - begin task: california_schools 47
2025-09-15 16:24:44.432 | INFO     | runner.run_manager:worker:65 - begin task: california_schools 48
2025-09-15 16:27:24.139 | INFO     | runner.run_manager:worker:65 - begin task: california_schools 49
2025-09-15 16:29:17.953 | INFO     | runner.run_manager:worker:65 - begin task: california_schools 50
2025-09-15 16:30:29.648 | INFO     | runner.run_manager:worker:65 - begin task: california_schools 51
2025-09-15 16:31:50.437 | INFO     | runner.run_manager:worker:65 - begin task: california_schools 52
2025-09-15 16:33:11.544 | INFO     | runner.run_manager:worker:65 - begin task: california_schools 53
2025-09-15 16:33:59.927 | INFO     | runner.run_manager:worker:65 - begin task: california_schools 54
2025-09-15 16:34:49.126 | INFO     | runner.run_manager:worker:65 - begin task: california_schools 55
2025-09-15 16:38:00.241 | INFO     | runner.run_manager:worker:65 - begin task: california_schools 56
2025-09-15 16:39:53.431 | INFO     | runner.run_manager:worker:65 - begin task: california_schools 57
2025-09-15 16:41:40.109 | INFO     | runner.run_manager:worker:65 - begin task: california_schools 58
2025-09-15 16:42:18.623 | INFO     | runner.run_manager:worker:65 - begin task: california_schools 59
2025-09-15 16:43:38.831 | INFO     | runner.run_manager:worker:65 - begin task: california_schools 60
2025-09-15 16:44:39.442 | INFO     | runner.run_manager:worker:65 - begin task: california_schools 61
2025-09-15 16:45:32.063 | INFO     | runner.run_manager:worker:65 - begin task: california_schools 62
2025-09-15 16:49:37.968 | INFO     | runner.run_manager:worker:65 - begin task: california_schools 63
2025-09-15 16:51:39.764 | INFO     | runner.run_manager:worker:65 - begin task: california_schools 64
2025-09-15 16:52:05.474 | INFO     | runner.run_manager:worker:65 - begin task: california_schools 65
2025-09-15 16:56:36.060 | INFO     | runner.run_manager:worker:65 - begin task: california_schools 66
2025-09-15 16:57:24.930 | INFO     | runner.run_manager:worker:65 - begin task: california_schools 67
2025-09-15 17:01:26.524 | INFO     | runner.run_manager:worker:65 - begin task: california_schools 68
2025-09-15 17:02:38.257 | INFO     | runner.run_manager:worker:65 - begin task: california_schools 69
2025-09-15 17:04:02.621 | INFO     | runner.run_manager:worker:65 - begin task: california_schools 70
2025-09-15 17:06:43.925 | INFO     | runner.run_manager:worker:65 - begin task: california_schools 71
2025-09-15 17:07:58.180 | INFO     | runner.run_manager:worker:65 - begin task: california_schools 72
2025-09-15 17:09:53.816 | INFO     | runner.run_manager:worker:65 - begin task: california_schools 73
2025-09-15 17:11:14.231 | INFO     | runner.run_manager:worker:65 - begin task: california_schools 74
2025-09-15 17:11:25.143 | INFO     | runner.run_manager:worker:65 - begin task: california_schools 75
2025-09-15 17:13:50.308 | INFO     | runner.run_manager:worker:65 - begin task: california_schools 76
2025-09-15 17:14:59.481 | INFO     | runner.run_manager:worker:65 - begin task: california_schools 77
2025-09-15 17:16:27.751 | INFO     | runner.run_manager:worker:65 - begin task: california_schools 78
2025-09-15 17:18:09.974 | INFO     | runner.run_manager:worker:65 - begin task: california_schools 79
2025-09-15 17:19:19.925 | INFO     | runner.run_manager:worker:65 - begin task: california_schools 80
2025-09-15 17:20:58.066 | INFO     | runner.run_manager:worker:65 - begin task: california_schools 81
2025-09-15 17:21:55.666 | INFO     | runner.run_manager:worker:65 - begin task: california_schools 82
2025-09-15 17:23:27.115 | INFO     | runner.run_manager:worker:65 - begin task: california_schools 83
2025-09-15 17:26:41.432 | INFO     | runner.run_manager:worker:65 - begin task: california_schools 84
2025-09-15 17:28:38.584 | INFO     | runner.run_manager:worker:65 - begin task: california_schools 85
2025-09-15 17:28:50.123 | INFO     | runner.run_manager:worker:65 - begin task: california_schools 86
2025-09-15 17:29:48.020 | INFO     | runner.run_manager:worker:65 - begin task: california_schools 87
2025-09-15 17:31:54.653 | INFO     | runner.run_manager:worker:65 - begin task: california_schools 88
2025-09-15 17:32:59.632 | INFO     | runner.run_manager:worker:65 - begin task: financial 89
2025-09-15 17:34:08.028 | INFO     | runner.run_manager:worker:65 - begin task: financial 90
2025-09-15 17:35:14.013 | INFO     | runner.run_manager:worker:65 - begin task: financial 91
2025-09-15 17:36:00.822 | INFO     | runner.run_manager:worker:65 - begin task: financial 92
2025-09-15 17:37:58.480 | INFO     | runner.run_manager:worker:65 - begin task: financial 93
2025-09-15 17:38:11.243 | INFO     | runner.run_manager:worker:65 - begin task: financial 94
2025-09-15 17:40:25.952 | INFO     | runner.run_manager:worker:65 - begin task: financial 95
2025-09-15 17:43:36.536 | INFO     | runner.run_manager:worker:65 - begin task: financial 96
2025-09-15 17:44:04.588 | INFO     | runner.run_manager:worker:65 - begin task: financial 97
2025-09-15 17:45:53.220 | INFO     | runner.run_manager:worker:65 - begin task: financial 98
2025-09-15 17:48:30.137 | INFO     | runner.run_manager:worker:65 - begin task: financial 99
2025-09-15 17:50:27.792 | INFO     | runner.run_manager:worker:65 - begin task: financial 100
2025-09-15 17:51:30.056 | INFO     | runner.run_manager:worker:65 - begin task: financial 101
2025-09-15 17:51:42.777 | INFO     | runner.run_manager:worker:65 - begin task: financial 102
2025-09-15 17:53:59.671 | INFO     | runner.run_manager:worker:65 - begin task: financial 103
2025-09-15 17:55:13.371 | INFO     | runner.run_manager:worker:65 - begin task: financial 104
2025-09-15 17:55:53.577 | INFO     | runner.run_manager:worker:65 - begin task: financial 105
2025-09-15 17:57:44.590 | INFO     | runner.run_manager:worker:65 - begin task: financial 106
2025-09-15 17:59:23.059 | INFO     | runner.run_manager:worker:65 - begin task: financial 107
2025-09-15 17:59:35.987 | INFO     | runner.run_manager:worker:65 - begin task: financial 108
2025-09-15 18:01:34.701 | INFO     | runner.run_manager:worker:65 - begin task: financial 109
2025-09-15 18:01:47.688 | INFO     | runner.run_manager:worker:65 - begin task: financial 110
2025-09-15 18:04:00.245 | INFO     | runner.run_manager:worker:65 - begin task: financial 111
2025-09-15 18:04:32.997 | INFO     | runner.run_manager:worker:65 - begin task: financial 112
2025-09-15 18:06:31.162 | INFO     | runner.run_manager:worker:65 - begin task: financial 113
2025-09-15 18:07:42.828 | INFO     | runner.run_manager:worker:65 - begin task: financial 114
2025-09-15 18:07:57.006 | INFO     | runner.run_manager:worker:65 - begin task: financial 115
2025-09-15 18:10:18.564 | INFO     | runner.run_manager:worker:65 - begin task: financial 116
2025-09-15 18:13:39.159 | INFO     | runner.run_manager:worker:65 - begin task: financial 117
2025-09-15 18:14:27.578 | INFO     | runner.run_manager:worker:65 - begin task: financial 118
2025-09-15 18:15:58.863 | INFO     | runner.run_manager:worker:65 - begin task: financial 119
2025-09-15 18:18:04.499 | INFO     | runner.run_manager:worker:65 - begin task: financial 120
2025-09-15 18:19:00.457 | INFO     | runner.run_manager:worker:65 - begin task: financial 121
2025-09-15 18:19:08.715 | INFO     | runner.run_manager:worker:65 - begin task: financial 122
2025-09-15 18:19:41.544 | INFO     | runner.run_manager:worker:65 - begin task: financial 123
2025-09-15 18:19:51.931 | INFO     | runner.run_manager:worker:65 - begin task: financial 124
2025-09-15 18:20:02.422 | INFO     | runner.run_manager:worker:65 - begin task: financial 125
2025-09-15 18:22:39.106 | INFO     | runner.run_manager:worker:65 - begin task: financial 126
2025-09-15 18:24:11.627 | INFO     | runner.run_manager:worker:65 - begin task: financial 127
2025-09-15 18:24:19.073 | INFO     | runner.run_manager:worker:65 - begin task: financial 128
2025-09-15 18:26:07.324 | INFO     | runner.run_manager:worker:65 - begin task: financial 129
2025-09-15 18:26:34.250 | INFO     | runner.run_manager:worker:65 - begin task: financial 130
2025-09-15 18:30:08.618 | INFO     | runner.run_manager:worker:65 - begin task: financial 131
2025-09-15 18:32:21.898 | INFO     | runner.run_manager:worker:65 - begin task: financial 132
2025-09-15 18:32:36.181 | INFO     | runner.run_manager:worker:65 - begin task: financial 133
2025-09-15 18:32:58.148 | INFO     | runner.run_manager:worker:65 - begin task: financial 134
2025-09-15 18:33:52.420 | INFO     | runner.run_manager:worker:65 - begin task: financial 135
2025-09-15 18:34:42.900 | INFO     | runner.run_manager:worker:65 - begin task: financial 136
2025-09-15 18:36:52.951 | INFO     | runner.run_manager:worker:65 - begin task: financial 137
2025-09-15 18:37:35.370 | INFO     | runner.run_manager:worker:65 - begin task: financial 138
2025-09-15 18:39:40.508 | INFO     | runner.run_manager:worker:65 - begin task: financial 139
2025-09-15 18:40:12.601 | INFO     | runner.run_manager:worker:65 - begin task: financial 140
2025-09-15 18:40:43.476 | INFO     | runner.run_manager:worker:65 - begin task: financial 141
2025-09-15 18:41:46.540 | INFO     | runner.run_manager:worker:65 - begin task: financial 142
2025-09-15 18:42:59.927 | INFO     | runner.run_manager:worker:65 - begin task: financial 143
2025-09-15 18:44:22.261 | INFO     | runner.run_manager:worker:65 - begin task: financial 144
2025-09-15 18:45:53.567 | INFO     | runner.run_manager:worker:65 - begin task: financial 145
2025-09-15 18:47:38.245 | INFO     | runner.run_manager:worker:65 - begin task: financial 146
2025-09-15 18:49:14.670 | INFO     | runner.run_manager:worker:65 - begin task: financial 147
2025-09-15 18:50:37.438 | INFO     | runner.run_manager:worker:65 - begin task: financial 148
2025-09-15 18:51:30.228 | INFO     | runner.run_manager:worker:65 - begin task: financial 149
2025-09-15 18:53:10.276 | INFO     | runner.run_manager:worker:65 - begin task: financial 150
2025-09-15 18:53:50.638 | INFO     | runner.run_manager:worker:65 - begin task: financial 151
2025-09-15 18:54:34.523 | INFO     | runner.run_manager:worker:65 - begin task: financial 152
2025-09-15 18:57:50.177 | INFO     | runner.run_manager:worker:65 - begin task: financial 153
2025-09-15 18:58:43.224 | INFO     | runner.run_manager:worker:65 - begin task: financial 154
2025-09-15 18:59:06.886 | INFO     | runner.run_manager:worker:65 - begin task: financial 155
2025-09-15 18:59:22.118 | INFO     | runner.run_manager:worker:65 - begin task: financial 156
2025-09-15 18:59:40.224 | INFO     | runner.run_manager:worker:65 - begin task: financial 157
2025-09-15 18:59:55.757 | INFO     | runner.run_manager:worker:65 - begin task: financial 158
2025-09-15 19:00:19.742 | INFO     | runner.run_manager:worker:65 - begin task: financial 159
2025-09-15 19:01:04.329 | INFO     | runner.run_manager:worker:65 - begin task: financial 160
2025-09-15 19:01:55.417 | INFO     | runner.run_manager:worker:65 - begin task: financial 161
2025-09-15 19:02:47.067 | INFO     | runner.run_manager:worker:65 - begin task: financial 162
2025-09-15 19:03:02.233 | INFO     | runner.run_manager:worker:65 - begin task: financial 163
2025-09-15 19:03:52.737 | INFO     | runner.run_manager:worker:65 - begin task: financial 164
2025-09-15 19:05:40.710 | INFO     | runner.run_manager:worker:65 - begin task: financial 165
2025-09-15 19:06:23.648 | INFO     | runner.run_manager:worker:65 - begin task: financial 166
2025-09-15 19:07:02.614 | INFO     | runner.run_manager:worker:65 - begin task: financial 167
2025-09-15 19:07:17.201 | INFO     | runner.run_manager:worker:65 - begin task: financial 168
2025-09-15 19:09:07.689 | INFO     | runner.run_manager:worker:65 - begin task: financial 169
2025-09-15 19:10:41.495 | INFO     | runner.run_manager:worker:65 - begin task: financial 170
2025-09-15 19:11:20.382 | INFO     | runner.run_manager:worker:65 - begin task: financial 171
2025-09-15 19:13:47.394 | INFO     | runner.run_manager:worker:65 - begin task: financial 172
2025-09-15 19:13:59.678 | INFO     | runner.run_manager:worker:65 - begin task: financial 173
2025-09-15 19:17:14.458 | INFO     | runner.run_manager:worker:65 - begin task: financial 174
2025-09-15 19:17:47.346 | INFO     | runner.run_manager:worker:65 - begin task: financial 175
2025-09-15 19:18:40.924 | INFO     | runner.run_manager:worker:65 - begin task: financial 176
2025-09-15 19:21:38.388 | INFO     | runner.run_manager:worker:65 - begin task: financial 177
2025-09-15 19:23:58.454 | INFO     | runner.run_manager:worker:65 - begin task: financial 178
2025-09-15 19:24:38.754 | INFO     | runner.run_manager:worker:65 - begin task: financial 179
2025-09-15 19:27:46.116 | INFO     | runner.run_manager:worker:65 - begin task: financial 180
2025-09-15 19:28:01.288 | INFO     | runner.run_manager:worker:65 - begin task: financial 181
2025-09-15 19:29:26.261 | INFO     | runner.run_manager:worker:65 - begin task: financial 182
2025-09-15 19:32:05.724 | INFO     | runner.run_manager:worker:65 - begin task: financial 183
2025-09-15 19:32:45.616 | INFO     | runner.run_manager:worker:65 - begin task: financial 184
2025-09-15 19:33:57.047 | INFO     | runner.run_manager:worker:65 - begin task: financial 185
2025-09-15 19:35:01.367 | INFO     | runner.run_manager:worker:65 - begin task: financial 186
2025-09-15 19:37:01.429 | INFO     | runner.run_manager:worker:65 - begin task: financial 187
2025-09-15 19:37:55.986 | INFO     | runner.run_manager:worker:65 - begin task: financial 188
